<?xml version="1.0" encoding="UTF-8"?>
<!-- Generated by org.testng.reporters.JUnitReportReporter -->
<testsuite hostname="IN-IT10569" failures="0" tests="1" name="com.orangehrmlive.tc.TcTable4" time="63.058" errors="0" timestamp="2022-11-14T16:46:36 IST" skipped="0">
  <testcase classname="com.orangehrmlive.tc.TcTable4" name="PrintEmpWithSubUnitQATEAM" time="63.058"/>
  <system-out>
    <![CDATA[Jendayi Jumoke]]>
  </system-out>
</testsuite> <!-- com.orangehrmlive.tc.TcTable4 -->
