<?xml version="1.0" encoding="UTF-8"?>
<!-- Generated by org.testng.reporters.JUnitReportReporter -->
<testsuite hostname="IN-IT10569" failures="0" tests="1" name="com.orangehrmlive.tc.TC12" time="1.234" errors="0" timestamp="2022-11-11T14:36:04 IST" skipped="0">
  <testcase classname="com.orangehrmlive.tc.TC12" name="moveQuickAccessWidget" time="1.234"/>
  <system-out/>
</testsuite> <!-- com.orangehrmlive.tc.TC12 -->
