<?xml version="1.0" encoding="UTF-8"?>
<!-- Generated by org.testng.reporters.JUnitReportReporter -->
<testsuite hostname="IN-IT10569" failures="0" tests="5" name="com.orangehrmlive.tc.TC3" time="1.939" errors="0" timestamp="2022-11-11T14:36:04 IST" skipped="0">
  <testcase classname="com.orangehrmlive.tc.TC3" name="verifyProfileDisplay" time="0.039"/>
  <system-out/>
  <testcase classname="com.orangehrmlive.tc.TC3" name="verifyUserProfileOptions" time="0.280"/>
  <system-out>
    <![CDATA[Change Password
About]]>
  </system-out>
  <testcase classname="com.orangehrmlive.tc.TC3" name="verifyEmployeeCount" time="1.200"/>
  <system-out/>
  <testcase classname="com.orangehrmlive.tc.TC3" name="verifyCompanyDetails" time="0.368"/>
  <system-out/>
  <testcase classname="com.orangehrmlive.tc.TC3" name="popupClose" time="0.052"/>
  <system-out/>
</testsuite> <!-- com.orangehrmlive.tc.TC3 -->
