<?xml version="1.0" encoding="UTF-8"?>
<!-- Generated by org.testng.reporters.JUnitReportReporter -->
<testsuite hostname="IN-IT10569" failures="0" tests="7" name="com.orangehrmlive.tc.TC14" time="36.222" errors="0" timestamp="2022-11-11T14:36:04 IST" skipped="0">
  <testcase classname="com.orangehrmlive.tc.TC14" name="verifyHiredCountOfTableHeader" time="2.172"/>
  <system-out/>
  <testcase classname="com.orangehrmlive.tc.TC14" name="verifyApplicationsReceivedCountOfTableHeader" time="3.278"/>
  <system-out/>
  <testcase classname="com.orangehrmlive.tc.TC14" name="verifyJobOfferCountOfTableHeader" time="1.983"/>
  <system-out/>
  <testcase classname="com.orangehrmlive.tc.TC14" name="verifyInProgressCountOfTableHeader" time="4.206"/>
  <system-out/>
  <testcase classname="com.orangehrmlive.tc.TC14" name="verifyShortlistedCountOfTableHeader" time="1.440"/>
  <system-out/>
  <testcase classname="com.orangehrmlive.tc.TC14" name="verifyRejectedCountOfTableHeader" time="2.260"/>
  <system-out/>
  <testcase classname="com.orangehrmlive.tc.TC14" name="verifyAllcandidateCountOfTableHeader" time="20.883"/>
  <system-out/>
</testsuite> <!-- com.orangehrmlive.tc.TC14 -->
