<?xml version="1.0" encoding="UTF-8"?>
<!-- Generated by org.testng.reporters.JUnitReportReporter -->
<testsuite hostname="IN-IT10569" failures="0" tests="2" name="com.orangehrmlive.tc.TC4" time="22.921" errors="0" timestamp="2022-11-11T14:36:04 IST" skipped="0">
  <testcase classname="com.orangehrmlive.tc.TC4" name="verifyUserPersonalInfo" time="18.236"/>
  <system-out/>
  <testcase classname="com.orangehrmlive.tc.TC4" name="verifyPayableCTC" time="4.685"/>
  <system-out/>
</testsuite> <!-- com.orangehrmlive.tc.TC4 -->
