<?xml version="1.0" encoding="UTF-8"?>
<!-- Generated by org.testng.reporters.JUnitReportReporter -->
<testsuite hostname="IN-IT10569" failures="0" tests="1" name="com.orangehrmlive.tc.TC6" time="23.386" errors="0" timestamp="2022-11-11T14:36:04 IST" skipped="0">
  <testcase classname="com.orangehrmlive.tc.TC6" name="VerifyUserAddNewSkill" time="23.386"/>
  <system-out/>
</testsuite> <!-- com.orangehrmlive.tc.TC6 -->
