<?xml version="1.0" encoding="UTF-8"?>
<!-- Generated by org.testng.reporters.JUnitReportReporter -->
<testsuite hostname="IN-IT10569" failures="0" tests="2" name="com.orangehrmlive.tc.TC16" time="20.250" errors="0" timestamp="2022-11-11T14:36:04 IST" skipped="0">
  <testcase classname="com.orangehrmlive.tc.TC16" name="verifyUpdatedmiddleName" time="7.753"/>
  <system-out/>
  <testcase classname="com.orangehrmlive.tc.TC16" name="verifyInfoUpdateStatusMessage" time="12.497"/>
  <system-out/>
</testsuite> <!-- com.orangehrmlive.tc.TC16 -->
