<?xml version="1.0" encoding="UTF-8"?>
<!-- Generated by org.testng.reporters.JUnitReportReporter -->
<testsuite hostname="IN-IT10569" failures="0" tests="3" name="com.orangehrmlive.tc.TC7" time="10.162" errors="0" timestamp="2022-11-11T14:36:04 IST" skipped="0">
  <testcase classname="com.orangehrmlive.tc.TC7" name="setNewNameofOrganization" time="8.665"/>
  <system-out/>
  <testcase classname="com.orangehrmlive.tc.TC7" name="verifyNumberofEmpField" time="0.133"/>
  <system-out/>
  <testcase classname="com.orangehrmlive.tc.TC7" name="verifyChangedOrganisationName" time="1.364"/>
  <system-out/>
</testsuite> <!-- com.orangehrmlive.tc.TC7 -->
