<?xml version="1.0" encoding="UTF-8"?>
<!-- Generated by org.testng.reporters.JUnitReportReporter -->
<testsuite hostname="IN-IT10569" failures="0" tests="1" name="com.orangehrmlive.tc.TC2" time="1.268" errors="0" timestamp="2022-11-11T14:36:04 IST" skipped="0">
  <testcase classname="com.orangehrmlive.tc.TC2" name="verifyWidget" time="1.268"/>
  <system-out>
    <![CDATA[Quick Access
Buzz Latest Posts
My Actions
Latest Documents
Latest News
Employees on Leave Today
Time At Work
Headcount by Location
COVID-19 Report]]>
  </system-out>
</testsuite> <!-- com.orangehrmlive.tc.TC2 -->
