<?xml version="1.0" encoding="UTF-8"?>
<!-- Generated by org.testng.reporters.JUnitReportReporter -->
<testsuite hostname="IN-IT10569" failures="0" tests="1" name="com.orangehrmlive.tc.TcTable2" time="62.270" errors="0" timestamp="2022-11-14T15:44:54 IST" skipped="0">
  <testcase classname="com.orangehrmlive.tc.TcTable2" name="PrintEmpWithSubUnitQATEAM" time="62.270"/>
  <system-out>
    <![CDATA[Brody Alan
Linda Jane Anderson
Chenzira Chuki
hasini ishara devmini
Martín García
Kiyara Hu
Jendayi Jumoke
Orlando Knight
Brody Alan
Linda Jane Anderson
Sara Robinson
Joseph Root
Theo Simon
Julian Taylor
Daniel Upton]]>
  </system-out>
</testsuite> <!-- com.orangehrmlive.tc.TcTable2 -->
