<?xml version="1.0" encoding="UTF-8"?>
<!-- Generated by org.testng.reporters.JUnitReportReporter -->
<testsuite hostname="IN-IT10569" failures="0" tests="5" name="com.orangehrmlive.tc.TC1" time="7.462" errors="0" timestamp="2022-11-11T14:36:04 IST" skipped="0">
  <testcase classname="com.orangehrmlive.tc.TC1" name="verifylogo" time="0.052"/>
  <system-out/>
  <testcase classname="com.orangehrmlive.tc.TC1" name="verifyLoginPanel" time="0.037"/>
  <system-out/>
  <testcase classname="com.orangehrmlive.tc.TC1" name="login" time="7.334"/>
  <system-out/>
  <testcase classname="com.orangehrmlive.tc.TC1" name="HomepageNavigation" time="0.010"/>
  <system-out/>
  <testcase classname="com.orangehrmlive.tc.TC1" name="verifyEmpMgt" time="0.029"/>
  <system-out/>
</testsuite> <!-- com.orangehrmlive.tc.TC1 -->
