<?xml version="1.0" encoding="UTF-8"?>
<!-- Generated by org.testng.reporters.JUnitReportReporter -->
<testsuite hostname="IN-IT10569" failures="0" tests="2" name="com.orangehrmlive.tc.TC10" time="34.988" errors="0" timestamp="2022-11-11T14:36:04 IST" skipped="0">
  <testcase classname="com.orangehrmlive.tc.TC10" name="validateNavigationFromHomeBtn" time="0.193"/>
  <system-out/>
  <testcase classname="com.orangehrmlive.tc.TC10" name="ValidateNavigationToGoalPage" time="34.795"/>
  <system-out/>
</testsuite> <!-- com.orangehrmlive.tc.TC10 -->
