<?xml version="1.0" encoding="UTF-8"?>
<!-- Generated by org.testng.reporters.JUnitReportReporter -->
<testsuite hostname="IN-IT10569" failures="0" tests="1" name="com.orangehrmlive.tc.TcTable3" time="61.464" errors="0" timestamp="2022-11-14T16:10:53 IST" skipped="0">
  <testcase classname="com.orangehrmlive.tc.TcTable3" name="PrintEmpWithSubUnitQATEAM" time="61.464"/>
  <system-out>
    <![CDATA[Tanya Arva - 1072
Amadi Aswad - 1080
Ehioze Ebo - 1081
Ralph Edwards - 1118
Goutam Ganesh - 1074
Syiqah Jie - 1066
Jendayi Jumoke - 1082
Jiaming Lee - 1067
Ryan Parker - 1011
Nina Patel - 1012
Prem Preet - 1073
Jesse Richards - 1119
Katerina Skonis - 1096
Miles Taylor - 1018
George Tofari - 1062
Patrick Ward - 1115]]>
  </system-out>
</testsuite> <!-- com.orangehrmlive.tc.TcTable3 -->
