<?xml version="1.0" encoding="UTF-8"?>
<!-- Generated by org.testng.reporters.JUnitReportReporter -->
<testsuite hostname="IN-IT10569" failures="0" tests="2" name="com.orangehrmlive.tc.TcTable6" time="11.089" errors="0" timestamp="2022-11-15T18:06:07 IST" skipped="0">
  <testcase classname="com.orangehrmlive.tc.TcTable6" name="verifyFileUpload" time="11.042"/>
  <system-out/>
  <testcase classname="com.orangehrmlive.tc.TcTable6" name="verifyFileUploaderName" time="0.047"/>
  <system-out/>
</testsuite> <!-- com.orangehrmlive.tc.TcTable6 -->
