<?xml version="1.0" encoding="UTF-8"?>
<!-- Generated by org.testng.reporters.JUnitReportReporter -->
<testsuite hostname="IN-IT10569" failures="0" tests="4" name="com.orangehrmlive.tc.TC8" time="2.604" errors="0" timestamp="2022-11-11T14:36:04 IST" skipped="0">
  <testcase classname="com.orangehrmlive.tc.TC8" name="VerifyDefaultNavigationToLeaveList" time="0.202"/>
  <system-out/>
  <testcase classname="com.orangehrmlive.tc.TC8" name="verfifyPendingApprovalChkboxStstus" time="2.339"/>
  <system-out/>
  <testcase classname="com.orangehrmlive.tc.TC8" name="verifyDatesTextBox" time="0.050"/>
  <system-out/>
  <testcase classname="com.orangehrmlive.tc.TC8" name="verfifyLeavesInTable" time="0.013"/>
  <system-out/>
</testsuite> <!-- com.orangehrmlive.tc.TC8 -->
